<?xml version="1.0" encoding="UTF-8"?>
<!-- Generated by org.testng.reporters.JUnitXMLReporter -->
<testsuite hostname="DESKTOP-80GUJ78" name="Default test" tests="4" failures="0" timestamp="21 Mar 2022 10:49:45 GMT" time="3.907" errors="0">
  <testcase name="postmethod" time="3.744" classname="Api_Testing.Rest_Project.Rest_Project2"/>
  <testcase name="putmethod" time="0.063" classname="Api_Testing.Rest_Project.Rest_Project2"/>
  <testcase name="getmethod" time="0.03" classname="Api_Testing.Rest_Project.Rest_Project2"/>
  <testcase name="deletemethod" time="0.035" classname="Api_Testing.Rest_Project.Rest_Project2"/>
</testsuite> <!-- Default test -->
